<?xml version="1.0" encoding="UTF-8"?>
<!-- Generated by org.testng.reporters.JUnitXMLReporter -->
<testsuite ignored="12" hostname="viraj" failures="0" tests="4" name="Surefire test" time="250.06" errors="0" timestamp="2025-02-05T21:00:49 IST">
  <testcase classname="testNg.CreateCampaignTest" name="createCampaignTest" time="31.01"/>
  <testcase classname="testNg.CreateCampaignWithProductTest" name="createCampaignWithProductTest" time="61.163"/>
  <testcase classname="testNg.CreateOrganizationTest" name="createOrganizationTest" time="30.663"/>
  <testcase classname="testNg.CreateProductTest" name="createProductTest" time="28.091"/>
  <testcase classname="ganeric_utility.BaseClass" name="@BeforeTest BT" time="0.0">
    <ignored/>
  </testcase> <!-- @BeforeTest BT -->
  <testcase classname="ganeric_utility.BaseClass" name="@BeforeTest BT" time="0.0">
    <ignored/>
  </testcase> <!-- @BeforeTest BT -->
  <testcase classname="ganeric_utility.BaseClass" name="@AfterSuite AS" time="0.0">
    <ignored/>
  </testcase> <!-- @AfterSuite AS -->
  <testcase classname="ganeric_utility.BaseClass" name="@AfterSuite AS" time="0.0">
    <ignored/>
  </testcase> <!-- @AfterSuite AS -->
  <testcase classname="ganeric_utility.BaseClass" name="@BeforeTest BT" time="0.0">
    <ignored/>
  </testcase> <!-- @BeforeTest BT -->
  <testcase classname="ganeric_utility.BaseClass" name="@BeforeSuite BS" time="0.0">
    <ignored/>
  </testcase> <!-- @BeforeSuite BS -->
  <testcase classname="ganeric_utility.BaseClass" name="@AfterTest AT" time="0.0">
    <ignored/>
  </testcase> <!-- @AfterTest AT -->
  <testcase classname="ganeric_utility.BaseClass" name="@AfterTest AT" time="0.0">
    <ignored/>
  </testcase> <!-- @AfterTest AT -->
  <testcase classname="ganeric_utility.BaseClass" name="@AfterTest AT" time="0.0">
    <ignored/>
  </testcase> <!-- @AfterTest AT -->
  <testcase classname="ganeric_utility.BaseClass" name="@BeforeSuite BS" time="0.0">
    <ignored/>
  </testcase> <!-- @BeforeSuite BS -->
  <testcase classname="ganeric_utility.BaseClass" name="@BeforeSuite BS" time="0.0">
    <ignored/>
  </testcase> <!-- @BeforeSuite BS -->
  <testcase classname="ganeric_utility.BaseClass" name="@AfterSuite AS" time="0.0">
    <ignored/>
  </testcase> <!-- @AfterSuite AS -->
</testsuite> <!-- Surefire test -->
