<?xml version="1.0" encoding="UTF-8"?>
<testsuite xmlns:xsi="http://www.w3.org/2001/XMLSchema-instance" xsi:noNamespaceSchemaLocation="https://maven.apache.org/surefire/maven-surefire-plugin/xsd/surefire-test-report-3.0.xsd" version="3.0" name="TestSuite" time="252.345" tests="4" errors="0" skipped="0" failures="0">
  <properties>
[...]
</properties>
  <testcase name="createCampaignTest" classname="testNg.CreateCampaignTest" time="30.99">
    <system-out><![CDATA[2025-02-05T15:27:22.487798300Z main ERROR Log4j2 could not find a logging implementation. Please add log4j-core to the classpath. Using SimpleLogger to log to the console...
Campaign validated
]]></system-out>
    <system-err><![CDATA[Feb 05, 2025 8:56:47 PM org.openqa.selenium.devtools.CdpVersionFinder findNearestMatch
WARNING: Unable to find an exact match for CDP version 132, returning the closest version; found: 129; Please update to a Selenium version that supports CDP version 132
]]></system-err>
  </testcase>
  <testcase name="createCampaignWithProductTest" classname="testNg.CreateCampaignWithProductTest" time="61.167">
    <system-out><![CDATA[Campaign validated
]]></system-out>
    <system-err><![CDATA[Feb 05, 2025 8:57:43 PM org.openqa.selenium.devtools.CdpVersionFinder findNearestMatch
WARNING: Unable to find an exact match for CDP version 132, returning the closest version; found: 129; Please update to a Selenium version that supports CDP version 132
]]></system-err>
  </testcase>
  <testcase name="createOrganizationTest" classname="testNg.CreateOrganizationTest" time="30.666">
    <system-out><![CDATA[Organization validated
]]></system-out>
    <system-err><![CDATA[Feb 05, 2025 8:59:07 PM org.openqa.selenium.devtools.CdpVersionFinder findNearestMatch
WARNING: Unable to find an exact match for CDP version 132, returning the closest version; found: 129; Please update to a Selenium version that supports CDP version 132
]]></system-err>
  </testcase>
  <testcase name="createProductTest" classname="testNg.CreateProductTest" time="28.095">
    <system-out><![CDATA[Product validated
]]></system-out>
    <system-err><![CDATA[Feb 05, 2025 9:00:01 PM org.openqa.selenium.devtools.CdpVersionFinder findNearestMatch
WARNING: Unable to find an exact match for CDP version 132, returning the closest version; found: 129; Please update to a Selenium version that supports CDP version 132
]]></system-err>
  </testcase>
</testsuite>