<?xml version="1.0" encoding="UTF-8"?>
<testng-results ignored="0" total="4" passed="4" failed="0" skipped="0">
  <reporter-output>
  </reporter-output>
  <suite started-at="2025-02-05T20:56:39 IST" name="Surefire suite" finished-at="2025-02-05T21:00:49 IST" duration-ms="250060">
    <groups>
      <group name="regressionTest">
        <method signature="CreateCampaignTest.createCampaignTest()[pri:0, instance:testNg.CreateCampaignTest@3c407114]" name="createCampaignTest" class="testNg.CreateCampaignTest"/>
        <method signature="CreateCampaignWithProductTest.createCampaignWithProductTest()[pri:0, instance:testNg.CreateCampaignWithProductTest@2ef3eef9]" name="createCampaignWithProductTest" class="testNg.CreateCampaignWithProductTest"/>
      </group> <!-- regressionTest -->
      <group name="smokeTest">
        <method signature="CreateOrganizationTest.createOrganizationTest()[pri:0, instance:testNg.CreateOrganizationTest@243c4f91]" name="createOrganizationTest" class="testNg.CreateOrganizationTest"/>
        <method signature="CreateProductTest.createProductTest()[pri:0, instance:testNg.CreateProductTest@291ae]" name="createProductTest" class="testNg.CreateProductTest"/>
      </group> <!-- smokeTest -->
    </groups>
    <test started-at="2025-02-05T20:56:39 IST" name="Surefire test" finished-at="2025-02-05T21:00:49 IST" duration-ms="250060">
      <class name="testNg.CreateOrganizationTest">
        <test-method is-config="true" signature="BC()[pri:0, instance:testNg.CreateOrganizationTest@243c4f91]" started-at="2025-02-05T20:59:01 IST" name="BC" finished-at="2025-02-05T20:59:09 IST" duration-ms="7591" status="PASS">
          <reporter-output>
          </reporter-output>
        </test-method> <!-- BC -->
        <test-method is-config="true" signature="BM()[pri:0, instance:testNg.CreateOrganizationTest@243c4f91]" started-at="2025-02-05T20:59:09 IST" name="BM" finished-at="2025-02-05T20:59:20 IST" duration-ms="10949" status="PASS">
          <reporter-output>
          </reporter-output>
        </test-method> <!-- BM -->
        <test-method signature="createOrganizationTest()[pri:0, instance:testNg.CreateOrganizationTest@243c4f91]" started-at="2025-02-05T20:59:20 IST" name="createOrganizationTest" finished-at="2025-02-05T20:59:50 IST" duration-ms="30663" status="PASS">
          <reporter-output>
          </reporter-output>
        </test-method> <!-- createOrganizationTest -->
        <test-method is-config="true" signature="AM()[pri:0, instance:testNg.CreateOrganizationTest@243c4f91]" started-at="2025-02-05T20:59:50 IST" name="AM" finished-at="2025-02-05T20:59:54 IST" duration-ms="3259" status="PASS">
          <reporter-output>
          </reporter-output>
        </test-method> <!-- AM -->
        <test-method is-config="true" signature="AC()[pri:0, instance:testNg.CreateOrganizationTest@243c4f91]" started-at="2025-02-05T20:59:54 IST" name="AC" finished-at="2025-02-05T20:59:56 IST" duration-ms="2619" status="PASS">
          <reporter-output>
          </reporter-output>
        </test-method> <!-- AC -->
      </class> <!-- testNg.CreateOrganizationTest -->
      <class name="testNg.CreateProductTest">
        <test-method is-config="true" signature="BC()[pri:0, instance:testNg.CreateProductTest@291ae]" started-at="2025-02-05T20:59:56 IST" name="BC" finished-at="2025-02-05T21:00:02 IST" duration-ms="6161" status="PASS">
          <reporter-output>
          </reporter-output>
        </test-method> <!-- BC -->
        <test-method is-config="true" signature="BM()[pri:0, instance:testNg.CreateProductTest@291ae]" started-at="2025-02-05T21:00:02 IST" name="BM" finished-at="2025-02-05T21:00:14 IST" duration-ms="12016" status="PASS">
          <reporter-output>
          </reporter-output>
        </test-method> <!-- BM -->
        <test-method signature="createProductTest()[pri:0, instance:testNg.CreateProductTest@291ae]" started-at="2025-02-05T21:00:14 IST" name="createProductTest" finished-at="2025-02-05T21:00:43 IST" duration-ms="28091" status="PASS">
          <reporter-output>
          </reporter-output>
        </test-method> <!-- createProductTest -->
        <test-method is-config="true" signature="AM()[pri:0, instance:testNg.CreateProductTest@291ae]" started-at="2025-02-05T21:00:43 IST" name="AM" finished-at="2025-02-05T21:00:46 IST" duration-ms="3673" status="PASS">
          <reporter-output>
          </reporter-output>
        </test-method> <!-- AM -->
        <test-method is-config="true" signature="AC()[pri:0, instance:testNg.CreateProductTest@291ae]" started-at="2025-02-05T21:00:46 IST" name="AC" finished-at="2025-02-05T21:00:49 IST" duration-ms="2662" status="PASS">
          <reporter-output>
          </reporter-output>
        </test-method> <!-- AC -->
      </class> <!-- testNg.CreateProductTest -->
      <class name="testNg.CreateCampaignWithProductTest">
        <test-method is-config="true" signature="BC()[pri:0, instance:testNg.CreateCampaignWithProductTest@2ef3eef9]" started-at="2025-02-05T20:57:38 IST" name="BC" finished-at="2025-02-05T20:57:44 IST" duration-ms="6465" status="PASS">
          <reporter-output>
          </reporter-output>
        </test-method> <!-- BC -->
        <test-method is-config="true" signature="BM()[pri:0, instance:testNg.CreateCampaignWithProductTest@2ef3eef9]" started-at="2025-02-05T20:57:44 IST" name="BM" finished-at="2025-02-05T20:57:53 IST" duration-ms="9372" status="PASS">
          <reporter-output>
          </reporter-output>
        </test-method> <!-- BM -->
        <test-method signature="createCampaignWithProductTest()[pri:0, instance:testNg.CreateCampaignWithProductTest@2ef3eef9]" started-at="2025-02-05T20:57:53 IST" name="createCampaignWithProductTest" finished-at="2025-02-05T20:58:55 IST" duration-ms="61163" status="PASS">
          <reporter-output>
          </reporter-output>
        </test-method> <!-- createCampaignWithProductTest -->
        <test-method is-config="true" signature="AM()[pri:0, instance:testNg.CreateCampaignWithProductTest@2ef3eef9]" started-at="2025-02-05T20:58:55 IST" name="AM" finished-at="2025-02-05T20:58:58 IST" duration-ms="3795" status="PASS">
          <reporter-output>
          </reporter-output>
        </test-method> <!-- AM -->
        <test-method is-config="true" signature="AC()[pri:0, instance:testNg.CreateCampaignWithProductTest@2ef3eef9]" started-at="2025-02-05T20:58:58 IST" name="AC" finished-at="2025-02-05T20:59:01 IST" duration-ms="2785" status="PASS">
          <reporter-output>
          </reporter-output>
        </test-method> <!-- AC -->
      </class> <!-- testNg.CreateCampaignWithProductTest -->
      <class name="testNg.CreateCampaignTest">
        <test-method is-config="true" signature="BS()[pri:0, instance:testNg.CreateCampaignTest@3c407114]" started-at="2025-02-05T20:56:39 IST" name="BS" finished-at="2025-02-05T20:56:39 IST" duration-ms="33" status="PASS">
          <reporter-output>
          </reporter-output>
        </test-method> <!-- BS -->
        <test-method is-config="true" signature="BT()[pri:0, instance:testNg.CreateCampaignTest@3c407114]" started-at="2025-02-05T20:56:40 IST" name="BT" finished-at="2025-02-05T20:56:40 IST" duration-ms="1" status="PASS">
          <reporter-output>
          </reporter-output>
        </test-method> <!-- BT -->
        <test-method is-config="true" signature="BC()[pri:0, instance:testNg.CreateCampaignTest@3c407114]" started-at="2025-02-05T20:56:40 IST" name="BC" finished-at="2025-02-05T20:56:48 IST" duration-ms="8596" status="PASS">
          <reporter-output>
          </reporter-output>
        </test-method> <!-- BC -->
        <test-method is-config="true" signature="BM()[pri:0, instance:testNg.CreateCampaignTest@3c407114]" started-at="2025-02-05T20:56:48 IST" name="BM" finished-at="2025-02-05T20:57:00 IST" duration-ms="11813" status="PASS">
          <reporter-output>
          </reporter-output>
        </test-method> <!-- BM -->
        <test-method signature="createCampaignTest()[pri:0, instance:testNg.CreateCampaignTest@3c407114]" started-at="2025-02-05T20:57:00 IST" name="createCampaignTest" finished-at="2025-02-05T20:57:31 IST" duration-ms="31010" status="PASS">
          <reporter-output>
          </reporter-output>
        </test-method> <!-- createCampaignTest -->
        <test-method is-config="true" signature="AM()[pri:0, instance:testNg.CreateCampaignTest@3c407114]" started-at="2025-02-05T20:57:31 IST" name="AM" finished-at="2025-02-05T20:57:35 IST" duration-ms="3610" status="PASS">
          <reporter-output>
          </reporter-output>
        </test-method> <!-- AM -->
        <test-method is-config="true" signature="AC()[pri:0, instance:testNg.CreateCampaignTest@3c407114]" started-at="2025-02-05T20:57:35 IST" name="AC" finished-at="2025-02-05T20:57:38 IST" duration-ms="2751" status="PASS">
          <reporter-output>
          </reporter-output>
        </test-method> <!-- AC -->
        <test-method is-config="true" signature="AT()[pri:0, instance:testNg.CreateCampaignTest@3c407114]" started-at="2025-02-05T21:00:49 IST" name="AT" finished-at="2025-02-05T21:00:49 IST" duration-ms="1" status="PASS">
          <reporter-output>
          </reporter-output>
        </test-method> <!-- AT -->
        <test-method is-config="true" signature="AS()[pri:0, instance:testNg.CreateCampaignTest@3c407114]" started-at="2025-02-05T21:00:50 IST" name="AS" finished-at="2025-02-05T21:00:50 IST" duration-ms="0" status="PASS">
          <reporter-output>
          </reporter-output>
        </test-method> <!-- AS -->
      </class> <!-- testNg.CreateCampaignTest -->
    </test> <!-- Surefire test -->
  </suite> <!-- Surefire suite -->
</testng-results>
